Determining if the pthread_create exist failed with the following output:
Change Dir: /home/changkoo/stereo_vision_delay/build/CMakeFiles/CMakeTmp

Run Build Command:"/usr/bin/make" "cmTC_9573b/fast"
/usr/bin/make -f CMakeFiles/cmTC_9573b.dir/build.make CMakeFiles/cmTC_9573b.dir/build
make[1]: Entering directory '/home/changkoo/stereo_vision_delay/build/CMakeFiles/CMakeTmp'
Building C object CMakeFiles/cmTC_9573b.dir/CheckSymbolExists.c.o
/usr/bin/cc     -o CMakeFiles/cmTC_9573b.dir/CheckSymbolExists.c.o   -c /home/changkoo/stereo_vision_delay/build/CMakeFiles/CMakeTmp/CheckSymbolExists.c
Linking C executable cmTC_9573b
/usr/bin/cmake -E cmake_link_script CMakeFiles/cmTC_9573b.dir/link.txt --verbose=1
/usr/bin/cc       CMakeFiles/cmTC_9573b.dir/CheckSymbolExists.c.o  -o cmTC_9573b -rdynamic 
CMakeFiles/cmTC_9573b.dir/CheckSymbolExists.c.o: In function `main':
CheckSymbolExists.c:(.text+0x16): undefined reference to `pthread_create'
collect2: error: ld returned 1 exit status
CMakeFiles/cmTC_9573b.dir/build.make:97: recipe for target 'cmTC_9573b' failed
make[1]: *** [cmTC_9573b] Error 1
make[1]: Leaving directory '/home/changkoo/stereo_vision_delay/build/CMakeFiles/CMakeTmp'
Makefile:126: recipe for target 'cmTC_9573b/fast' failed
make: *** [cmTC_9573b/fast] Error 2

File /home/changkoo/stereo_vision_delay/build/CMakeFiles/CMakeTmp/CheckSymbolExists.c:
/* */
#include <pthread.h>

int main(int argc, char** argv)
{
  (void)argv;
#ifndef pthread_create
  return ((int*)(&pthread_create))[argc];
#else
  (void)argc;
  return 0;
#endif
}

Determining if the function pthread_create exists in the pthreads failed with the following output:
Change Dir: /home/changkoo/stereo_vision_delay/build/CMakeFiles/CMakeTmp

Run Build Command:"/usr/bin/make" "cmTC_6a43e/fast"
/usr/bin/make -f CMakeFiles/cmTC_6a43e.dir/build.make CMakeFiles/cmTC_6a43e.dir/build
make[1]: Entering directory '/home/changkoo/stereo_vision_delay/build/CMakeFiles/CMakeTmp'
Building C object CMakeFiles/cmTC_6a43e.dir/CheckFunctionExists.c.o
/usr/bin/cc    -DCHECK_FUNCTION_EXISTS=pthread_create   -o CMakeFiles/cmTC_6a43e.dir/CheckFunctionExists.c.o   -c /usr/share/cmake-3.5/Modules/CheckFunctionExists.c
Linking C executable cmTC_6a43e
/usr/bin/cmake -E cmake_link_script CMakeFiles/cmTC_6a43e.dir/link.txt --verbose=1
/usr/bin/cc   -DCHECK_FUNCTION_EXISTS=pthread_create    CMakeFiles/cmTC_6a43e.dir/CheckFunctionExists.c.o  -o cmTC_6a43e -rdynamic -lpthreads 
/usr/bin/ld: cannot find -lpthreads
collect2: error: ld returned 1 exit status
CMakeFiles/cmTC_6a43e.dir/build.make:97: recipe for target 'cmTC_6a43e' failed
make[1]: *** [cmTC_6a43e] Error 1
make[1]: Leaving directory '/home/changkoo/stereo_vision_delay/build/CMakeFiles/CMakeTmp'
Makefile:126: recipe for target 'cmTC_6a43e/fast' failed
make: *** [cmTC_6a43e/fast] Error 2


